
> react-kavia@0.1.0 start
> react-scripts start

(node:570) [DEP_WEBPACK_DEV_SERVER_ON_AFTER_SETUP_MIDDLEWARE] DeprecationWarning: 'onAfterSetupMiddleware' option is deprecated. Please use the 'setupMiddlewares' option.
(Use `node --trace-deprecation ...` to show where the warning was created)
(node:570) [DEP_WEBPACK_DEV_SERVER_ON_BEFORE_SETUP_MIDDLEWARE] DeprecationWarning: 'onBeforeSetupMiddleware' option is deprecated. Please use the 'setupMiddlewares' option.
Starting the development server...

Compiled successfully!

You can now view react-kavia in the browser.

  Local:            http://localhost:3000
  On Your Network:  http://172.17.0.2:3000

Note that the development build is not optimized.
To create a production build, use npm run build.

webpack compiled successfully
Compiling...
Compiled successfully!
webpack compiled successfully
Compiling...
Failed to compile.

Module not found: Error: Can't resolve './components/Header' in '/home/kavia/workspace/code-generation/elephant-insights-exploring-behavior-conservation-and-ecology-94833-94840/main_container_for_elephant_insights/src'
ERROR in ./src/App.js 7:0-41
Module not found: Error: Can't resolve './components/Header' in '/home/kavia/workspace/code-generation/elephant-insights-exploring-behavior-conservation-and-ecology-94833-94840/main_container_for_elephant_insights/src'

ERROR in ./src/App.js 8:0-41
Module not found: Error: Can't resolve './components/Footer' in '/home/kavia/workspace/code-generation/elephant-insights-exploring-behavior-conservation-and-ecology-94833-94840/main_container_for_elephant_insights/src'

ERROR in ./src/App.js 9:0-32
Module not found: Error: Can't resolve './pages/Home' in '/home/kavia/workspace/code-generation/elephant-insights-exploring-behavior-conservation-and-ecology-94833-94840/main_container_for_elephant_insights/src'

ERROR in ./src/App.js 10:0-40
Module not found: Error: Can't resolve './pages/Behavior' in '/home/kavia/workspace/code-generation/elephant-insights-exploring-behavior-conservation-and-ecology-94833-94840/main_container_for_elephant_insights/src'

ERROR in ./src/App.js 11:0-48
Module not found: Error: Can't resolve './pages/Conservation' in '/home/kavia/workspace/code-generation/elephant-insights-exploring-behavior-conservation-and-ecology-94833-94840/main_container_for_elephant_insights/src'

ERROR in ./src/App.js 12:0-38
Module not found: Error: Can't resolve './pages/Ecology' in '/home/kavia/workspace/code-generation/elephant-insights-exploring-behavior-conservation-and-ecology-94833-94840/main_container_for_elephant_insights/src'

webpack compiled with 6 errors
Compiling...
Failed to compile.

Module not found: Error: Can't resolve './components/Footer' in '/home/kavia/workspace/code-generation/elephant-insights-exploring-behavior-conservation-and-ecology-94833-94840/main_container_for_elephant_insights/src'
ERROR in ./src/App.js 8:0-41
Module not found: Error: Can't resolve './components/Footer' in '/home/kavia/workspace/code-generation/elephant-insights-exploring-behavior-conservation-and-ecology-94833-94840/main_container_for_elephant_insights/src'

ERROR in ./src/App.js 9:0-32
Module not found: Error: Can't resolve './pages/Home' in '/home/kavia/workspace/code-generation/elephant-insights-exploring-behavior-conservation-and-ecology-94833-94840/main_container_for_elephant_insights/src'

ERROR in ./src/App.js 10:0-40
Module not found: Error: Can't resolve './pages/Behavior' in '/home/kavia/workspace/code-generation/elephant-insights-exploring-behavior-conservation-and-ecology-94833-94840/main_container_for_elephant_insights/src'

ERROR in ./src/App.js 11:0-48
Module not found: Error: Can't resolve './pages/Conservation' in '/home/kavia/workspace/code-generation/elephant-insights-exploring-behavior-conservation-and-ecology-94833-94840/main_container_for_elephant_insights/src'

ERROR in ./src/App.js 12:0-38
Module not found: Error: Can't resolve './pages/Ecology' in '/home/kavia/workspace/code-generation/elephant-insights-exploring-behavior-conservation-and-ecology-94833-94840/main_container_for_elephant_insights/src'

ERROR in ./src/components/Header.js 6:0-22
Module not found: Error: Can't resolve './Header.css' in '/home/kavia/workspace/code-generation/elephant-insights-exploring-behavior-conservation-and-ecology-94833-94840/main_container_for_elephant_insights/src/components'

webpack compiled with 6 errors
Compiling...
Failed to compile.

Module not found: Error: Can't resolve './pages/Home' in '/home/kavia/workspace/code-generation/elephant-insights-exploring-behavior-conservation-and-ecology-94833-94840/main_container_for_elephant_insights/src'
ERROR in ./src/App.js 9:0-32
Module not found: Error: Can't resolve './pages/Home' in '/home/kavia/workspace/code-generation/elephant-insights-exploring-behavior-conservation-and-ecology-94833-94840/main_container_for_elephant_insights/src'

ERROR in ./src/App.js 10:0-40
Module not found: Error: Can't resolve './pages/Behavior' in '/home/kavia/workspace/code-generation/elephant-insights-exploring-behavior-conservation-and-ecology-94833-94840/main_container_for_elephant_insights/src'

ERROR in ./src/App.js 11:0-48
Module not found: Error: Can't resolve './pages/Conservation' in '/home/kavia/workspace/code-generation/elephant-insights-exploring-behavior-conservation-and-ecology-94833-94840/main_container_for_elephant_insights/src'

ERROR in ./src/App.js 12:0-38
Module not found: Error: Can't resolve './pages/Ecology' in '/home/kavia/workspace/code-generation/elephant-insights-exploring-behavior-conservation-and-ecology-94833-94840/main_container_for_elephant_insights/src'

ERROR in ./src/components/Footer.js 6:0-22
Module not found: Error: Can't resolve './Footer.css' in '/home/kavia/workspace/code-generation/elephant-insights-exploring-behavior-conservation-and-ecology-94833-94840/main_container_for_elephant_insights/src/components'

ERROR in ./src/components/Header.js 6:0-22
Module not found: Error: Can't resolve './Header.css' in '/home/kavia/workspace/code-generation/elephant-insights-exploring-behavior-conservation-and-ecology-94833-94840/main_container_for_elephant_insights/src/components'

webpack compiled with 6 errors
Compiling...
Failed to compile.

Module not found: Error: Can't resolve './pages/Behavior' in '/home/kavia/workspace/code-generation/elephant-insights-exploring-behavior-conservation-and-ecology-94833-94840/main_container_for_elephant_insights/src'
ERROR in ./src/App.js 10:0-40
Module not found: Error: Can't resolve './pages/Behavior' in '/home/kavia/workspace/code-generation/elephant-insights-exploring-behavior-conservation-and-ecology-94833-94840/main_container_for_elephant_insights/src'

ERROR in ./src/App.js 11:0-48
Module not found: Error: Can't resolve './pages/Conservation' in '/home/kavia/workspace/code-generation/elephant-insights-exploring-behavior-conservation-and-ecology-94833-94840/main_container_for_elephant_insights/src'

ERROR in ./src/App.js 12:0-38
Module not found: Error: Can't resolve './pages/Ecology' in '/home/kavia/workspace/code-generation/elephant-insights-exploring-behavior-conservation-and-ecology-94833-94840/main_container_for_elephant_insights/src'

ERROR in ./src/components/Footer.js 6:0-22
Module not found: Error: Can't resolve './Footer.css' in '/home/kavia/workspace/code-generation/elephant-insights-exploring-behavior-conservation-and-ecology-94833-94840/main_container_for_elephant_insights/src/components'

ERROR in ./src/components/Header.js 6:0-22
Module not found: Error: Can't resolve './Header.css' in '/home/kavia/workspace/code-generation/elephant-insights-exploring-behavior-conservation-and-ecology-94833-94840/main_container_for_elephant_insights/src/components'

ERROR in ./src/pages/Home.js 6:0-21
Module not found: Error: Can't resolve './Pages.css' in '/home/kavia/workspace/code-generation/elephant-insights-exploring-behavior-conservation-and-ecology-94833-94840/main_container_for_elephant_insights/src/pages'

webpack compiled with 6 errors
Compiling...
Failed to compile.

Module not found: Error: Can't resolve './pages/Conservation' in '/home/kavia/workspace/code-generation/elephant-insights-exploring-behavior-conservation-and-ecology-94833-94840/main_container_for_elephant_insights/src'
ERROR in ./src/App.js 11:0-48
Module not found: Error: Can't resolve './pages/Conservation' in '/home/kavia/workspace/code-generation/elephant-insights-exploring-behavior-conservation-and-ecology-94833-94840/main_container_for_elephant_insights/src'

ERROR in ./src/App.js 12:0-38
Module not found: Error: Can't resolve './pages/Ecology' in '/home/kavia/workspace/code-generation/elephant-insights-exploring-behavior-conservation-and-ecology-94833-94840/main_container_for_elephant_insights/src'

ERROR in ./src/components/Footer.js 6:0-22
Module not found: Error: Can't resolve './Footer.css' in '/home/kavia/workspace/code-generation/elephant-insights-exploring-behavior-conservation-and-ecology-94833-94840/main_container_for_elephant_insights/src/components'

ERROR in ./src/components/Header.js 6:0-22
Module not found: Error: Can't resolve './Header.css' in '/home/kavia/workspace/code-generation/elephant-insights-exploring-behavior-conservation-and-ecology-94833-94840/main_container_for_elephant_insights/src/components'

ERROR in ./src/pages/Behavior.js 5:0-21
Module not found: Error: Can't resolve './Pages.css' in '/home/kavia/workspace/code-generation/elephant-insights-exploring-behavior-conservation-and-ecology-94833-94840/main_container_for_elephant_insights/src/pages'

ERROR in ./src/pages/Home.js 6:0-21
Module not found: Error: Can't resolve './Pages.css' in '/home/kavia/workspace/code-generation/elephant-insights-exploring-behavior-conservation-and-ecology-94833-94840/main_container_for_elephant_insights/src/pages'

webpack compiled with 6 errors
Compiling...
Failed to compile.

Module not found: Error: Can't resolve './pages/Ecology' in '/home/kavia/workspace/code-generation/elephant-insights-exploring-behavior-conservation-and-ecology-94833-94840/main_container_for_elephant_insights/src'
ERROR in ./src/App.js 12:0-38
Module not found: Error: Can't resolve './pages/Ecology' in '/home/kavia/workspace/code-generation/elephant-insights-exploring-behavior-conservation-and-ecology-94833-94840/main_container_for_elephant_insights/src'

ERROR in ./src/components/Footer.js 6:0-22
Module not found: Error: Can't resolve './Footer.css' in '/home/kavia/workspace/code-generation/elephant-insights-exploring-behavior-conservation-and-ecology-94833-94840/main_container_for_elephant_insights/src/components'

ERROR in ./src/components/Header.js 6:0-22
Module not found: Error: Can't resolve './Header.css' in '/home/kavia/workspace/code-generation/elephant-insights-exploring-behavior-conservation-and-ecology-94833-94840/main_container_for_elephant_insights/src/components'

ERROR in ./src/pages/Behavior.js 5:0-21
Module not found: Error: Can't resolve './Pages.css' in '/home/kavia/workspace/code-generation/elephant-insights-exploring-behavior-conservation-and-ecology-94833-94840/main_container_for_elephant_insights/src/pages'

ERROR in ./src/pages/Conservation.js 5:0-21
Module not found: Error: Can't resolve './Pages.css' in '/home/kavia/workspace/code-generation/elephant-insights-exploring-behavior-conservation-and-ecology-94833-94840/main_container_for_elephant_insights/src/pages'

ERROR in ./src/pages/Home.js 6:0-21
Module not found: Error: Can't resolve './Pages.css' in '/home/kavia/workspace/code-generation/elephant-insights-exploring-behavior-conservation-and-ecology-94833-94840/main_container_for_elephant_insights/src/pages'

webpack compiled with 6 errors
Compiling...
Failed to compile.

Module not found: Error: Can't resolve './Footer.css' in '/home/kavia/workspace/code-generation/elephant-insights-exploring-behavior-conservation-and-ecology-94833-94840/main_container_for_elephant_insights/src/components'
ERROR in ./src/components/Footer.js 6:0-22
Module not found: Error: Can't resolve './Footer.css' in '/home/kavia/workspace/code-generation/elephant-insights-exploring-behavior-conservation-and-ecology-94833-94840/main_container_for_elephant_insights/src/components'

ERROR in ./src/components/Header.js 6:0-22
Module not found: Error: Can't resolve './Header.css' in '/home/kavia/workspace/code-generation/elephant-insights-exploring-behavior-conservation-and-ecology-94833-94840/main_container_for_elephant_insights/src/components'

ERROR in ./src/pages/Behavior.js 5:0-21
Module not found: Error: Can't resolve './Pages.css' in '/home/kavia/workspace/code-generation/elephant-insights-exploring-behavior-conservation-and-ecology-94833-94840/main_container_for_elephant_insights/src/pages'

ERROR in ./src/pages/Conservation.js 5:0-21
Module not found: Error: Can't resolve './Pages.css' in '/home/kavia/workspace/code-generation/elephant-insights-exploring-behavior-conservation-and-ecology-94833-94840/main_container_for_elephant_insights/src/pages'

ERROR in ./src/pages/Ecology.js 5:0-21
Module not found: Error: Can't resolve './Pages.css' in '/home/kavia/workspace/code-generation/elephant-insights-exploring-behavior-conservation-and-ecology-94833-94840/main_container_for_elephant_insights/src/pages'

ERROR in ./src/pages/Home.js 6:0-21
Module not found: Error: Can't resolve './Pages.css' in '/home/kavia/workspace/code-generation/elephant-insights-exploring-behavior-conservation-and-ecology-94833-94840/main_container_for_elephant_insights/src/pages'

webpack compiled with 6 errors
Compiling...
Failed to compile.

Module not found: Error: Can't resolve './Footer.css' in '/home/kavia/workspace/code-generation/elephant-insights-exploring-behavior-conservation-and-ecology-94833-94840/main_container_for_elephant_insights/src/components'
ERROR in ./src/components/Footer.js 6:0-22
Module not found: Error: Can't resolve './Footer.css' in '/home/kavia/workspace/code-generation/elephant-insights-exploring-behavior-conservation-and-ecology-94833-94840/main_container_for_elephant_insights/src/components'

ERROR in ./src/components/Header.js 6:0-22
Module not found: Error: Can't resolve './Header.css' in '/home/kavia/workspace/code-generation/elephant-insights-exploring-behavior-conservation-and-ecology-94833-94840/main_container_for_elephant_insights/src/components'

ERROR in ./src/pages/Behavior.js 5:0-21
Module not found: Error: Can't resolve './Pages.css' in '/home/kavia/workspace/code-generation/elephant-insights-exploring-behavior-conservation-and-ecology-94833-94840/main_container_for_elephant_insights/src/pages'

ERROR in ./src/pages/Conservation.js 5:0-21
Module not found: Error: Can't resolve './Pages.css' in '/home/kavia/workspace/code-generation/elephant-insights-exploring-behavior-conservation-and-ecology-94833-94840/main_container_for_elephant_insights/src/pages'

ERROR in ./src/pages/Ecology.js 5:0-21
Module not found: Error: Can't resolve './Pages.css' in '/home/kavia/workspace/code-generation/elephant-insights-exploring-behavior-conservation-and-ecology-94833-94840/main_container_for_elephant_insights/src/pages'

ERROR in ./src/pages/Home.js 6:0-21
Module not found: Error: Can't resolve './Pages.css' in '/home/kavia/workspace/code-generation/elephant-insights-exploring-behavior-conservation-and-ecology-94833-94840/main_container_for_elephant_insights/src/pages'

webpack compiled with 6 errors
Compiling...
Failed to compile.

Module not found: Error: Can't resolve './Footer.css' in '/home/kavia/workspace/code-generation/elephant-insights-exploring-behavior-conservation-and-ecology-94833-94840/main_container_for_elephant_insights/src/components'
ERROR in ./src/components/Footer.js 6:0-22
Module not found: Error: Can't resolve './Footer.css' in '/home/kavia/workspace/code-generation/elephant-insights-exploring-behavior-conservation-and-ecology-94833-94840/main_container_for_elephant_insights/src/components'

ERROR in ./src/pages/Behavior.js 5:0-21
Module not found: Error: Can't resolve './Pages.css' in '/home/kavia/workspace/code-generation/elephant-insights-exploring-behavior-conservation-and-ecology-94833-94840/main_container_for_elephant_insights/src/pages'

ERROR in ./src/pages/Conservation.js 5:0-21
Module not found: Error: Can't resolve './Pages.css' in '/home/kavia/workspace/code-generation/elephant-insights-exploring-behavior-conservation-and-ecology-94833-94840/main_container_for_elephant_insights/src/pages'

ERROR in ./src/pages/Ecology.js 5:0-21
Module not found: Error: Can't resolve './Pages.css' in '/home/kavia/workspace/code-generation/elephant-insights-exploring-behavior-conservation-and-ecology-94833-94840/main_container_for_elephant_insights/src/pages'

ERROR in ./src/pages/Home.js 6:0-21
Module not found: Error: Can't resolve './Pages.css' in '/home/kavia/workspace/code-generation/elephant-insights-exploring-behavior-conservation-and-ecology-94833-94840/main_container_for_elephant_insights/src/pages'

webpack compiled with 5 errors
Compiling...
Failed to compile.

Module not found: Error: Can't resolve './Pages.css' in '/home/kavia/workspace/code-generation/elephant-insights-exploring-behavior-conservation-and-ecology-94833-94840/main_container_for_elephant_insights/src/pages'
ERROR in ./src/pages/Behavior.js 5:0-21
Module not found: Error: Can't resolve './Pages.css' in '/home/kavia/workspace/code-generation/elephant-insights-exploring-behavior-conservation-and-ecology-94833-94840/main_container_for_elephant_insights/src/pages'

ERROR in ./src/pages/Conservation.js 5:0-21
Module not found: Error: Can't resolve './Pages.css' in '/home/kavia/workspace/code-generation/elephant-insights-exploring-behavior-conservation-and-ecology-94833-94840/main_container_for_elephant_insights/src/pages'

ERROR in ./src/pages/Ecology.js 5:0-21
Module not found: Error: Can't resolve './Pages.css' in '/home/kavia/workspace/code-generation/elephant-insights-exploring-behavior-conservation-and-ecology-94833-94840/main_container_for_elephant_insights/src/pages'

ERROR in ./src/pages/Home.js 6:0-21
Module not found: Error: Can't resolve './Pages.css' in '/home/kavia/workspace/code-generation/elephant-insights-exploring-behavior-conservation-and-ecology-94833-94840/main_container_for_elephant_insights/src/pages'

webpack compiled with 4 errors
